<?xml version="1.0" encoding="UTF-8"?>
<testsuite xmlns:xsi="http://www.w3.org/2001/XMLSchema-instance" xsi:noNamespaceSchemaLocation="https://maven.apache.org/surefire/maven-surefire-plugin/xsd/surefire-test-report-3.0.xsd" version="3.0" name="TestSuite" time="50.225" tests="3" errors="0" skipped="0" failures="1">
  <properties>
[...]
</properties>
  <testcase name="basePage" classname="Academy.ValidateTitle" time="1.158">
    <failure message="expected [An Academy to learn Everything about Testing] but found [AN ACADEMY TO LEARN EVERYTHING ABOUT TESTING]" type="java.lang.AssertionError"><![CDATA[java.lang.AssertionError: expected [An Academy to learn Everything about Testing] but found [AN ACADEMY TO LEARN EVERYTHING ABOUT TESTING]
	at Academy.ValidateTitle.basePage(ValidateTitle.java:40)
]]></failure>
    <system-out><![CDATA[chrome
chrome
]]></system-out>
    <system-err><![CDATA[Starting ChromeDriver 83.0.4103.39 (ccbf011cb2d2b19b506d844400483861342c20cd-refSst/abrrtainncgh -Chheadrso/m4e10D3r@{i#v4e1r6 }8)3 .o0n. 41po03r.t3 94 (6c2c8b
fOn0l1y1 clbo2cda2lb 1c9onbn5e0c6tdi8o4n4s 4a0r0e4 a8l3lo8w6ed1.34
2Plce2a0sced s-eree htftps/sb:r/a/ncchh-rhoemaedds/r4i1v0e3r@{.#c41h6r}o)m iounm .poorrgt/ s7ec1u8r4it
yO-ncloyn sliodcearla tcioonnnesc tfioorn ssu gagreseti oansl olno kweeepdin.g C
hrPolmeeDarsivee r sseaefe .h
ttps://chromedriver.chromium.org/security-considerations for suggestions on keeping ChromeDriver safe.
ChromeDriver was started successfully.
ChromeDriver was started successfully.
[1598598847.007][WARNING]: This version of ChromeDriver has not been tested with Chrome version 84.
[1598598847.270][WARNING]: This version of ChromeDriver has not been tested with Chrome version 84.
Aug 28, 2020 12:44:09 PM org.openqa.selenium.remote.ProtocolHandshake createSession
INFO: Detected dialect: W3C
Aug 28, 2020 12:44:09 PM org.openqa.selenium.remote.ProtocolHandshake createSession
INFO: Detected dialect: W3C
]]></system-err>
  </testcase>
  <testcase name="basePage[sahidhussain012@gmail.com, sahid012, Restricted student](1)" classname="Academy.HomePage" time="2.33"/>
  <testcase name="basePage[aminhussain255@gmail.com, amin3154, Non Restricted student](2)" classname="Academy.HomePage" time="18.814">
    <system-out><![CDATA[chrome
]]></system-out>
    <system-err><![CDATA[Starting ChromeDriver 83.0.4103.39 (ccbf011cb2d2b19b506d844400483861342c20cd-refs/branch-heads/4103@{#416}) on port 7670
Only local connections are allowed.
Please see https://chromedriver.chromium.org/security-considerations for suggestions on keeping ChromeDriver safe.
ChromeDriver was started successfully.
[1598598875.742][WARNING]: This version of ChromeDriver has not been tested with Chrome version 84.
Aug 28, 2020 12:44:37 PM org.openqa.selenium.remote.ProtocolHandshake createSession
INFO: Detected dialect: W3C
]]></system-err>
  </testcase>
</testsuite>