-------------------------------------------------------------------------------
Test set: TestSuite
-------------------------------------------------------------------------------
Tests run: 3, Failures: 1, Errors: 0, Skipped: 0, Time elapsed: 50.225 s <<< FAILURE! - in TestSuite
Academy.ValidateTitle.basePage  Time elapsed: 1.158 s  <<< FAILURE!
java.lang.AssertionError: expected [An Academy to learn Everything about Testing] but found [AN ACADEMY TO LEARN EVERYTHING ABOUT TESTING]
	at Academy.ValidateTitle.basePage(ValidateTitle.java:40)

